<?xml version="1.0" encoding="UTF-8"?>
<!-- Generated by org.testng.reporters.JUnitReportReporter -->
<testsuite hostname="DESKTOP-4LJSMGD" failures="0" tests="1" name="testCases.BaseClass" time="2.760" errors="0" timestamp="2024-12-23T12:16:04 IST" skipped="0">
  <testcase classname="testCases.BaseClass" name="verify_account_registration" time="2.760"/>
</testsuite> <!-- testCases.BaseClass -->
